Routines\Cap.pcs,0,-2
Routines\Decap.pcs,0,-2
Routines\DecapFinished.pcs,0,-2
Routines\DecapHoming.pcs,0,-2
Routines\DecapPhoto.pcs,0,-2
Routines\MoveToDecap.pcs,0,-2
Routines\MoveToWait.pcs,0,-2
Routines\MoveToWaitPos.pcs,0,-2
Routines\PickUpTube.pcs,0,-2
Routines\PlaceTube.pcs,0,-2
Routines\ResumeRun.pcs,0,-2
Routines\WaitForTube.pcs,0,-2
Routines\WaitForTubePickUp.pcs,0,-2
CalibrateCapping.pcs,131072,-2
Checks.pcs,131072,-2
DIO_TAB.h,131076,0
GLOBAL_VAR_TAB.H,131076,0
HomingRobot1.pcs,131072,-2
TSR100.pcs,131073,-2
VAR_TAB.h,131076,0
